<?xml version="1.0" encoding="UTF-8"?>
<!-- Generated by org.testng.reporters.JUnitXMLReporter -->
<testsuite hostname="LAPTOP-5VLC0MFK" name="Default test" tests="7" failures="0" timestamp="23 Apr 2017 06:54:31 GMT" time="1.976" errors="0">
  <testcase name="Auto_SWAPI_GET_Base_Test_001" time="0.893" classname="com.swapi.tests.Task1_Get_Planets_By_ID"/>
  <testcase name="Auto_Swapi_GET_ID_TEST_OO1" time="0.164" classname="com.swapi.tests.Task1_Get_Planets_By_ID"/>
  <testcase name="Auto_Swapi_GET_ID_TEST_OO2" time="0.158" classname="com.swapi.tests.Task1_Get_Planets_By_ID"/>
  <testcase name="Auto_Swapi_GET_ID_TEST_OO3" time="0.157" classname="com.swapi.tests.Task1_Get_Planets_By_ID"/>
  <testcase name="Auto_Swapi_GET_ID_TEST_OO4" time="0.212" classname="com.swapi.tests.Task1_Get_Planets_By_ID"/>
  <testcase name="Auto_SWAPI_GET_ID_Test_005" time="0.172" classname="com.swapi.tests.Task1_Get_Planets_By_ID"/>
  <testcase name="Auto_SWAPI_GET_ID_Test_006" time="0.191" classname="com.swapi.tests.Task1_Get_Planets_By_ID"/>
</testsuite> <!-- Default test -->
