<?xml version="1.0" encoding="UTF-8"?>
<!-- Generated by org.testng.reporters.JUnitXMLReporter -->
<testsuite hostname="LAPTOP-5VLC0MFK" ignored="0" name="Annotations Test" tests="3" failures="0" timestamp="12 Mar 2017 16:05:45 GMT" time="0.07" errors="0">
  <testcase name="loginTest" time="0.022" classname="com.rakesh.testng.training.testcases.AnnotationTestNGConcepts">
    <skipped/>
  </testcase> <!-- loginTest -->
  <testcase name="changePasswordTest" time="0.0" classname="com.rakesh.testng.training.testcases.AnnotationTestNGConcepts">
    <skipped/>
  </testcase> <!-- changePasswordTest -->
  <testcase name="logoutTest" time="0.0" classname="com.rakesh.testng.training.testcases.AnnotationTestNGConcepts">
    <skipped/>
  </testcase> <!-- logoutTest -->
</testsuite> <!-- Annotations Test -->
