<?xml version="1.0" encoding="UTF-8"?>
<!-- Generated by org.testng.reporters.JUnitXMLReporter -->
<testsuite hostname="LAPTOP-5VLC0MFK" ignored="0" name="Parameterization Test" tests="5" failures="0" timestamp="12 Mar 2017 16:05:45 GMT" time="0.109" errors="0">
  <testcase name="signUp" time="0.004" classname="com.rakesh.testng.training.testcases.ParameterizationTestNGConcept"/>
  <testcase name="signUp" time="0.015" classname="com.rakesh.testng.training.testcases.ParameterizationTestNGConcept"/>
  <testcase name="signUp" time="0.004" classname="com.rakesh.testng.training.testcases.ParameterizationTestNGConcept"/>
  <testcase name="formFill" time="0.002" classname="com.rakesh.testng.training.testcases.ParameterizationTestNGConcept"/>
  <testcase name="formFill" time="0.002" classname="com.rakesh.testng.training.testcases.ParameterizationTestNGConcept"/>
</testsuite> <!-- Parameterization Test -->
