<?xml version="1.0" encoding="UTF-8"?>
<testng-results skipped="0" failed="0" total="1" passed="1">
  <reporter-output>
  </reporter-output>
  <suite name="Default suite" duration-ms="40290" started-at="2017-04-21T09:46:57Z" finished-at="2017-04-21T09:47:37Z">
    <groups>
    </groups>
    <test name="Default test" duration-ms="40290" started-at="2017-04-21T09:46:57Z" finished-at="2017-04-21T09:47:37Z">
      <class name="com.swapi.tests.Task2">
        <test-method status="PASS" signature="Auto_SWAPI_GET_ALL_Planets()[pri:0, instance:com.swapi.tests.Task2@5f375618]" name="Auto_SWAPI_GET_ALL_Planets" duration-ms="40271" started-at="2017-04-21T04:46:57Z" finished-at="2017-04-21T04:47:37Z">
          <reporter-output>
          </reporter-output>
        </test-method> <!-- Auto_SWAPI_GET_ALL_Planets -->
      </class> <!-- com.swapi.tests.Task2 -->
    </test> <!-- Default test -->
  </suite> <!-- Default suite -->
</testng-results>
